[Success]Tofu:0 (2017-7-18 14:25:33)
[Success]Tofu:0 (2017-7-18 14:25:37)
[Success]Tofu:0 (2017-7-18 14:26:28)
[Success]Tofu:0 (2017-7-18 14:26:30)
[Success]Tofu:0 (2017-7-18 14:26:32)
[Success]Tofu:0 (2017-7-18 14:26:32)
[Success]Tofu:0 (2017-7-18 14:26:33)
[Success]Tofu:0 (2017-7-18 14:26:34)
[Success]Tofu:0 (2017-7-18 14:26:35)
[Success]Tofu:0 (2017-7-18 14:26:35)
[Success]Tofu:0 (2017-7-18 14:26:36)
[Success]Tofu:0 (2017-7-18 14:26:37)
[Success]Tofu:0 (2017-7-18 14:26:37)
[Success]Tofu:0 (2017-7-18 14:26:38)
[Success]Tofu:0 (2017-7-18 14:32:05)
[Error]Tofu:1 (2017-7-18 14:32:10)
[Success]Tofu-build:0 (2017-7-18 14:33:19)
[Success]Tofu:0 (2017-7-18 14:33:19)
[Success]Tofu:0 (2017-7-18 14:36:35)
[Success]Tofu:0 (2017-7-18 14:39:46)
[Error]Tofu-server:undefined (2017-7-18 14:40:03)
Error: Exited with code 1
    at ChildProcess.<anonymous> (/Users/wchen/space/work/pan/node_modules/opn/index.js:83:13)
    at Object.onceWrapper (events.js:291:19)
    at emitTwo (events.js:106:13)
    at ChildProcess.emit (events.js:192:7)
    at maybeClose (internal/child_process.js:890:16)
    at Socket.<anonymous> (internal/child_process.js:334:11)
    at emitOne (events.js:96:13)
    at Socket.emit (events.js:189:7)
    at Pipe._handle.close [as _onclose] (net.js:501:12)
[Error]Tofu:7 (2017-7-18 14:40:03)
[Success]Tofu:0 (2017-7-18 14:44:42)
[Success]Tofu:0 (2017-7-18 14:50:37)
[Success]Tofu:0 (2017-7-18 15:00:22)
[Success]Tofu-build:0 (2017-7-18 15:01:18)
[Success]Tofu:0 (2017-7-18 15:01:18)
[Success]Tofu:0 (2017-7-18 15:23:58)
[Success]Tofu:0 (2017-7-18 15:25:09)
[Error]Tofu-server:undefined (2017-7-18 15:27:08)
Error: listen EADDRINUSE :::8080
    at Object.exports._errnoException (util.js:1028:11)
    at exports._exceptionWithHostPort (util.js:1051:20)
    at Server._listen2 (net.js:1261:14)
    at listen (net.js:1297:10)
    at Server.listen (net.js:1375:9)
    at Application.listen (/Users/wchen/space/work/pan/node_modules/koa/lib/application.js:64:19)
    at module.exports (/Users/wchen/space/work/pan/webpack/server.js:53:9)
    at launchServer (/Users/wchen/space/work/pan/bin/tofu-server.js:22:40)
    at Object.<anonymous> (/Users/wchen/space/work/pan/bin/tofu-server.js:11:1)
    at Module._compile (module.js:571:32)
    at Object.Module._extensions..js (module.js:580:10)
    at Module.load (module.js:488:32)
    at tryModuleLoad (module.js:447:12)
    at Function.Module._load (module.js:439:3)
    at Module.runMain (module.js:605:10)
    at run (bootstrap_node.js:422:7)
[Error]Tofu:7 (2017-7-18 15:27:08)
[Success]Tofu:0 (2017-7-18 15:29:21)
[Success]Tofu:0 (2017-7-18 15:30:01)
[Success]Tofu:0 (2017-7-18 15:30:18)
[Success]Tofu:0 (2017-7-18 15:34:58)
[Error]Tofu:1 (2017-7-18 15:35:00)
[Success]Tofu:0 (2017-7-18 15:36:56)
